<?xml version="1.0" encoding="utf-8"?><testsuites name="pytest tests"><testsuite name="pytest" errors="0" failures="0" skipped="0" tests="62" time="0.762" timestamp="2026-04-03T02:28:34.754452+08:00" hostname="SKY-20251125FUE"><testcase classname="unit.test_business_modules.TestCustomerManagement" name="test_customer_create_success" time="0.231" /><testcase classname="unit.test_business_modules.TestCustomerManagement" name="test_customer_create_minimal" time="0.001" /><testcase classname="unit.test_business_modules.TestCustomerManagement" name="test_customer_query_by_id" time="0.001" /><testcase classname="unit.test_business_modules.TestCustomerManagement" name="test_customer_query_not_found" time="0.001" /><testcase classname="unit.test_business_modules.TestCustomerManagement" name="test_customer_update" time="0.001" /><testcase classname="unit.test_business_modules.TestCustomerManagement" name="test_customer_level_a" time="0.001" /><testcase classname="unit.test_business_modules.TestCustomerManagement" name="test_customer_level_b" time="0.001" /><testcase classname="unit.test_business_modules.TestCustomerManagement" name="test_customer_level_c" time="0.001" /><testcase classname="unit.test_business_modules.TestCustomerManagement" name="test_customer_level_d" time="0.001" /><testcase classname="unit.test_business_modules.TestCustomerManagement" name="test_customer_value_calculation" time="0.001" /><testcase classname="unit.test_business_modules.TestCustomerManagement" name="test_customer_value_missing_data" time="0.001" /><testcase classname="unit.test_business_modules.TestCustomerManagement" name="test_customer_value_nonexistent" time="0.001" /><testcase classname="unit.test_business_modules.TestCustomerManagement" name="test_customer_type_validation" time="0.001" /><testcase classname="unit.test_business_modules.TestCustomerManagement" name="test_customer_phone_validation" time="0.001" /><testcase classname="unit.test_business_modules.TestCustomerManagement" name="test_customer_email_validation" time="0.001" /><testcase classname="unit.test_business_modules.TestOrderManagement" name="test_order_total_calculation" time="0.001" /><testcase classname="unit.test_business_modules.TestOrderManagement" name="test_order_discount_calculation" time="0.001" /><testcase classname="unit.test_business_modules.TestOrderManagement" name="test_order_tax_calculation" time="0.001" /><testcase classname="unit.test_business_modules.TestOrderManagement" name="test_order_status_pending" time="0.001" /><testcase classname="unit.test_business_modules.TestOrderManagement" name="test_order_status_transition" time="0.001" /><testcase classname="unit.test_business_modules.TestOrderManagement" name="test_order_cancel_rules" time="0.001" /><testcase classname="unit.test_business_modules.TestOrderManagement" name="test_order_items_validation" time="0.001" /><testcase classname="unit.test_business_modules.TestOrderManagement" name="test_order_amount_validation" time="0.001" /><testcase classname="unit.test_business_modules.TestOrderManagement" name="test_order_delivery_time_calculation" time="0.001" /><testcase classname="unit.test_business_modules.TestOrderManagement" name="test_order_timeout_check" time="0.001" /><testcase classname="unit.test_business_modules.TestOrderManagement" name="test_order_count_by_status" time="0.001" /><testcase classname="unit.test_business_modules.TestOrderManagement" name="test_order_revenue_calculation" time="0.002" /><testcase classname="unit.test_business_modules.TestOrderManagement" name="test_order_number_generation" time="0.001" /><testcase classname="unit.test_business_modules.TestOrderManagement" name="test_order_number_uniqueness" time="0.178" /><testcase classname="unit.test_business_modules.TestOrderManagement" name="test_order_refund_calculation" time="0.001" /><testcase classname="unit.test_business_modules.TestProductManagement" name="test_product_create_success" time="0.001" /><testcase classname="unit.test_business_modules.TestProductManagement" name="test_product_query_by_id" time="0.001" /><testcase classname="unit.test_business_modules.TestProductManagement" name="test_product_query_not_found" time="0.001" /><testcase classname="unit.test_business_modules.TestProductManagement" name="test_product_update" time="0.001" /><testcase classname="unit.test_business_modules.TestProductManagement" name="test_product_price_calculation" time="0.001" /><testcase classname="unit.test_business_modules.TestProductManagement" name="test_product_discount_price" time="0.001" /><testcase classname="unit.test_business_modules.TestProductManagement" name="test_product_bulk_price" time="0.001" /><testcase classname="unit.test_business_modules.TestProductManagement" name="test_product_category_validation" time="0.001" /><testcase classname="unit.test_business_modules.TestProductManagement" name="test_product_category_hierarchy" time="0.001" /><testcase classname="unit.test_business_modules.TestProductManagement" name="test_product_status_active" time="0.001" /><testcase classname="unit.test_business_modules.TestProductManagement" name="test_product_status_inactive" time="0.001" /><testcase classname="unit.test_business_modules.TestProductManagement" name="test_product_code_format" time="0.001" /><testcase classname="unit.test_business_modules.TestProductManagement" name="test_product_code_uniqueness" time="0.001" /><testcase classname="unit.test_business_modules.TestProductManagement" name="test_product_stock_warning" time="0.001" /><testcase classname="unit.test_business_modules.TestProductManagement" name="test_product_reorder_point" time="0.001" /><testcase classname="unit.test_business_modules.TestInventoryManagement" name="test_stock_add_success" time="0.001" /><testcase classname="unit.test_business_modules.TestInventoryManagement" name="test_stock_reduce_success" time="0.001" /><testcase classname="unit.test_business_modules.TestInventoryManagement" name="test_stock_reduce_insufficient" time="0.001" /><testcase classname="unit.test_business_modules.TestInventoryManagement" name="test_stock_query_empty" time="0.001" /><testcase classname="unit.test_business_modules.TestInventoryManagement" name="test_stock_value_calculation" time="0.001" /><testcase classname="unit.test_business_modules.TestInventoryManagement" name="test_stock_turnover_rate" time="0.001" /><testcase classname="unit.test_business_modules.TestInventoryManagement" name="test_stock_days_of_supply" time="0.001" /><testcase classname="unit.test_business_modules.TestInventoryManagement" name="test_stock_status_normal" time="0.001" /><testcase classname="unit.test_business_modules.TestInventoryManagement" name="test_stock_status_low" time="0.001" /><testcase classname="unit.test_business_modules.TestInventoryManagement" name="test_stock_status_out" time="0.001" /><testcase classname="unit.test_business_modules.TestInventoryManagement" name="test_stock_alert_threshold" time="0.001" /><testcase classname="unit.test_business_modules.TestInventoryManagement" name="test_stock_safety_stock_calculation" time="0.001" /><testcase classname="unit.test_business_modules.TestInventoryManagement" name="test_multi_warehouse_stock" time="0.001" /><testcase classname="unit.test_business_modules.TestInventoryManagement" name="test_stock_transfer" time="0.001" /><testcase classname="unit.test_business_modules.TestInventoryManagement" name="test_stock_count_variance" time="0.001" /><testcase classname="unit.test_business_modules.TestBusinessWorkflows" name="test_complete_sales_workflow" time="0.001" /><testcase classname="unit.test_business_modules.TestBusinessWorkflows" name="test_customer_order_product_link" time="0.001" /></testsuite></testsuites>